Created by PLY version 3.11 (http://www.dabeaz.com/ply)

Grammar

Rule 0     S' -> programa
Rule 1     programa -> cmds
Rule 2     cmds -> cmd cmds
Rule 3     cmds -> cmd
Rule 4     cmd -> atribuicao
Rule 5     cmd -> impressao
Rule 6     cmd -> operacao
Rule 7     cmd -> repeticao
Rule 8     cmd -> condicional
Rule 9     atribuicao -> FACA VAR SER NUM PONTO
Rule 10    impressao -> MOSTRE VAR PONTO
Rule 11    impressao -> MOSTRE NUM PONTO
Rule 12    operacao -> SOME VAR COM VAR PONTO
Rule 13    operacao -> SOME VAR COM NUM PONTO
Rule 14    operacao -> SOME NUM COM VAR PONTO
Rule 15    operacao -> SOME NUM COM NUM PONTO
Rule 16    repeticao -> REPITA NUM VEZES DOISPONTOS cmds FIM
Rule 17    condicional -> SE NUM ENTAO cmds FIM
Rule 18    condicional -> SE NUM ENTAO cmds SENAO cmds FIM
Rule 19    operacao -> MULTIPLIQUE VAR POR VAR PONTO
Rule 20    operacao -> MULTIPLIQUE VAR POR NUM PONTO
Rule 21    operacao -> MULTIPLIQUE NUM POR VAR PONTO
Rule 22    operacao -> MULTIPLIQUE NUM POR NUM PONTO

Terminals, with rules where they appear

COM                  : 12 13 14 15
DOISPONTOS           : 16
ENTAO                : 17 18
FACA                 : 9
FIM                  : 16 17 18
MOSTRE               : 10 11
MULTIPLIQUE          : 19 20 21 22
NUM                  : 9 11 13 14 15 15 16 17 18 20 21 22 22
PONTO                : 9 10 11 12 13 14 15 19 20 21 22
POR                  : 19 20 21 22
REPITA               : 16
SE                   : 17 18
SENAO                : 18
SER                  : 9
SOME                 : 12 13 14 15
VAR                  : 9 10 12 12 13 14 19 19 20 21
VEZES                : 16
error                : 

Nonterminals, with rules where they appear

atribuicao           : 4
cmd                  : 2 3
cmds                 : 1 2 16 17 18 18
condicional          : 8
impressao            : 5
operacao             : 6
programa             : 0
repeticao            : 7

Parsing method: LALR

state 0

    (0) S' -> . programa
    (1) programa -> . cmds
    (2) cmds -> . cmd cmds
    (3) cmds -> . cmd
    (4) cmd -> . atribuicao
    (5) cmd -> . impressao
    (6) cmd -> . operacao
    (7) cmd -> . repeticao
    (8) cmd -> . condicional
    (9) atribuicao -> . FACA VAR SER NUM PONTO
    (10) impressao -> . MOSTRE VAR PONTO
    (11) impressao -> . MOSTRE NUM PONTO
    (12) operacao -> . SOME VAR COM VAR PONTO
    (13) operacao -> . SOME VAR COM NUM PONTO
    (14) operacao -> . SOME NUM COM VAR PONTO
    (15) operacao -> . SOME NUM COM NUM PONTO
    (19) operacao -> . MULTIPLIQUE VAR POR VAR PONTO
    (20) operacao -> . MULTIPLIQUE VAR POR NUM PONTO
    (21) operacao -> . MULTIPLIQUE NUM POR VAR PONTO
    (22) operacao -> . MULTIPLIQUE NUM POR NUM PONTO
    (16) repeticao -> . REPITA NUM VEZES DOISPONTOS cmds FIM
    (17) condicional -> . SE NUM ENTAO cmds FIM
    (18) condicional -> . SE NUM ENTAO cmds SENAO cmds FIM

    FACA            shift and go to state 9
    MOSTRE          shift and go to state 10
    SOME            shift and go to state 11
    MULTIPLIQUE     shift and go to state 12
    REPITA          shift and go to state 13
    SE              shift and go to state 14

    programa                       shift and go to state 1
    cmds                           shift and go to state 2
    cmd                            shift and go to state 3
    atribuicao                     shift and go to state 4
    impressao                      shift and go to state 5
    operacao                       shift and go to state 6
    repeticao                      shift and go to state 7
    condicional                    shift and go to state 8

state 1

    (0) S' -> programa .



state 2

    (1) programa -> cmds .

    $end            reduce using rule 1 (programa -> cmds .)


state 3

    (2) cmds -> cmd . cmds
    (3) cmds -> cmd .
    (2) cmds -> . cmd cmds
    (3) cmds -> . cmd
    (4) cmd -> . atribuicao
    (5) cmd -> . impressao
    (6) cmd -> . operacao
    (7) cmd -> . repeticao
    (8) cmd -> . condicional
    (9) atribuicao -> . FACA VAR SER NUM PONTO
    (10) impressao -> . MOSTRE VAR PONTO
    (11) impressao -> . MOSTRE NUM PONTO
    (12) operacao -> . SOME VAR COM VAR PONTO
    (13) operacao -> . SOME VAR COM NUM PONTO
    (14) operacao -> . SOME NUM COM VAR PONTO
    (15) operacao -> . SOME NUM COM NUM PONTO
    (19) operacao -> . MULTIPLIQUE VAR POR VAR PONTO
    (20) operacao -> . MULTIPLIQUE VAR POR NUM PONTO
    (21) operacao -> . MULTIPLIQUE NUM POR VAR PONTO
    (22) operacao -> . MULTIPLIQUE NUM POR NUM PONTO
    (16) repeticao -> . REPITA NUM VEZES DOISPONTOS cmds FIM
    (17) condicional -> . SE NUM ENTAO cmds FIM
    (18) condicional -> . SE NUM ENTAO cmds SENAO cmds FIM

    $end            reduce using rule 3 (cmds -> cmd .)
    FIM             reduce using rule 3 (cmds -> cmd .)
    SENAO           reduce using rule 3 (cmds -> cmd .)
    FACA            shift and go to state 9
    MOSTRE          shift and go to state 10
    SOME            shift and go to state 11
    MULTIPLIQUE     shift and go to state 12
    REPITA          shift and go to state 13
    SE              shift and go to state 14

    cmd                            shift and go to state 3
    cmds                           shift and go to state 15
    atribuicao                     shift and go to state 4
    impressao                      shift and go to state 5
    operacao                       shift and go to state 6
    repeticao                      shift and go to state 7
    condicional                    shift and go to state 8

state 4

    (4) cmd -> atribuicao .

    FACA            reduce using rule 4 (cmd -> atribuicao .)
    MOSTRE          reduce using rule 4 (cmd -> atribuicao .)
    SOME            reduce using rule 4 (cmd -> atribuicao .)
    MULTIPLIQUE     reduce using rule 4 (cmd -> atribuicao .)
    REPITA          reduce using rule 4 (cmd -> atribuicao .)
    SE              reduce using rule 4 (cmd -> atribuicao .)
    $end            reduce using rule 4 (cmd -> atribuicao .)
    FIM             reduce using rule 4 (cmd -> atribuicao .)
    SENAO           reduce using rule 4 (cmd -> atribuicao .)


state 5

    (5) cmd -> impressao .

    FACA            reduce using rule 5 (cmd -> impressao .)
    MOSTRE          reduce using rule 5 (cmd -> impressao .)
    SOME            reduce using rule 5 (cmd -> impressao .)
    MULTIPLIQUE     reduce using rule 5 (cmd -> impressao .)
    REPITA          reduce using rule 5 (cmd -> impressao .)
    SE              reduce using rule 5 (cmd -> impressao .)
    $end            reduce using rule 5 (cmd -> impressao .)
    FIM             reduce using rule 5 (cmd -> impressao .)
    SENAO           reduce using rule 5 (cmd -> impressao .)


state 6

    (6) cmd -> operacao .

    FACA            reduce using rule 6 (cmd -> operacao .)
    MOSTRE          reduce using rule 6 (cmd -> operacao .)
    SOME            reduce using rule 6 (cmd -> operacao .)
    MULTIPLIQUE     reduce using rule 6 (cmd -> operacao .)
    REPITA          reduce using rule 6 (cmd -> operacao .)
    SE              reduce using rule 6 (cmd -> operacao .)
    $end            reduce using rule 6 (cmd -> operacao .)
    FIM             reduce using rule 6 (cmd -> operacao .)
    SENAO           reduce using rule 6 (cmd -> operacao .)


state 7

    (7) cmd -> repeticao .

    FACA            reduce using rule 7 (cmd -> repeticao .)
    MOSTRE          reduce using rule 7 (cmd -> repeticao .)
    SOME            reduce using rule 7 (cmd -> repeticao .)
    MULTIPLIQUE     reduce using rule 7 (cmd -> repeticao .)
    REPITA          reduce using rule 7 (cmd -> repeticao .)
    SE              reduce using rule 7 (cmd -> repeticao .)
    $end            reduce using rule 7 (cmd -> repeticao .)
    FIM             reduce using rule 7 (cmd -> repeticao .)
    SENAO           reduce using rule 7 (cmd -> repeticao .)


state 8

    (8) cmd -> condicional .

    FACA            reduce using rule 8 (cmd -> condicional .)
    MOSTRE          reduce using rule 8 (cmd -> condicional .)
    SOME            reduce using rule 8 (cmd -> condicional .)
    MULTIPLIQUE     reduce using rule 8 (cmd -> condicional .)
    REPITA          reduce using rule 8 (cmd -> condicional .)
    SE              reduce using rule 8 (cmd -> condicional .)
    $end            reduce using rule 8 (cmd -> condicional .)
    FIM             reduce using rule 8 (cmd -> condicional .)
    SENAO           reduce using rule 8 (cmd -> condicional .)


state 9

    (9) atribuicao -> FACA . VAR SER NUM PONTO

    VAR             shift and go to state 16


state 10

    (10) impressao -> MOSTRE . VAR PONTO
    (11) impressao -> MOSTRE . NUM PONTO

    VAR             shift and go to state 17
    NUM             shift and go to state 18


state 11

    (12) operacao -> SOME . VAR COM VAR PONTO
    (13) operacao -> SOME . VAR COM NUM PONTO
    (14) operacao -> SOME . NUM COM VAR PONTO
    (15) operacao -> SOME . NUM COM NUM PONTO

    VAR             shift and go to state 19
    NUM             shift and go to state 20


state 12

    (19) operacao -> MULTIPLIQUE . VAR POR VAR PONTO
    (20) operacao -> MULTIPLIQUE . VAR POR NUM PONTO
    (21) operacao -> MULTIPLIQUE . NUM POR VAR PONTO
    (22) operacao -> MULTIPLIQUE . NUM POR NUM PONTO

    VAR             shift and go to state 21
    NUM             shift and go to state 22


state 13

    (16) repeticao -> REPITA . NUM VEZES DOISPONTOS cmds FIM

    NUM             shift and go to state 23


state 14

    (17) condicional -> SE . NUM ENTAO cmds FIM
    (18) condicional -> SE . NUM ENTAO cmds SENAO cmds FIM

    NUM             shift and go to state 24


state 15

    (2) cmds -> cmd cmds .

    $end            reduce using rule 2 (cmds -> cmd cmds .)
    FIM             reduce using rule 2 (cmds -> cmd cmds .)
    SENAO           reduce using rule 2 (cmds -> cmd cmds .)


state 16

    (9) atribuicao -> FACA VAR . SER NUM PONTO

    SER             shift and go to state 25


state 17

    (10) impressao -> MOSTRE VAR . PONTO

    PONTO           shift and go to state 26


state 18

    (11) impressao -> MOSTRE NUM . PONTO

    PONTO           shift and go to state 27


state 19

    (12) operacao -> SOME VAR . COM VAR PONTO
    (13) operacao -> SOME VAR . COM NUM PONTO

    COM             shift and go to state 28


state 20

    (14) operacao -> SOME NUM . COM VAR PONTO
    (15) operacao -> SOME NUM . COM NUM PONTO

    COM             shift and go to state 29


state 21

    (19) operacao -> MULTIPLIQUE VAR . POR VAR PONTO
    (20) operacao -> MULTIPLIQUE VAR . POR NUM PONTO

    POR             shift and go to state 30


state 22

    (21) operacao -> MULTIPLIQUE NUM . POR VAR PONTO
    (22) operacao -> MULTIPLIQUE NUM . POR NUM PONTO

    POR             shift and go to state 31


state 23

    (16) repeticao -> REPITA NUM . VEZES DOISPONTOS cmds FIM

    VEZES           shift and go to state 32


state 24

    (17) condicional -> SE NUM . ENTAO cmds FIM
    (18) condicional -> SE NUM . ENTAO cmds SENAO cmds FIM

    ENTAO           shift and go to state 33


state 25

    (9) atribuicao -> FACA VAR SER . NUM PONTO

    NUM             shift and go to state 34


state 26

    (10) impressao -> MOSTRE VAR PONTO .

    FACA            reduce using rule 10 (impressao -> MOSTRE VAR PONTO .)
    MOSTRE          reduce using rule 10 (impressao -> MOSTRE VAR PONTO .)
    SOME            reduce using rule 10 (impressao -> MOSTRE VAR PONTO .)
    MULTIPLIQUE     reduce using rule 10 (impressao -> MOSTRE VAR PONTO .)
    REPITA          reduce using rule 10 (impressao -> MOSTRE VAR PONTO .)
    SE              reduce using rule 10 (impressao -> MOSTRE VAR PONTO .)
    $end            reduce using rule 10 (impressao -> MOSTRE VAR PONTO .)
    FIM             reduce using rule 10 (impressao -> MOSTRE VAR PONTO .)
    SENAO           reduce using rule 10 (impressao -> MOSTRE VAR PONTO .)


state 27

    (11) impressao -> MOSTRE NUM PONTO .

    FACA            reduce using rule 11 (impressao -> MOSTRE NUM PONTO .)
    MOSTRE          reduce using rule 11 (impressao -> MOSTRE NUM PONTO .)
    SOME            reduce using rule 11 (impressao -> MOSTRE NUM PONTO .)
    MULTIPLIQUE     reduce using rule 11 (impressao -> MOSTRE NUM PONTO .)
    REPITA          reduce using rule 11 (impressao -> MOSTRE NUM PONTO .)
    SE              reduce using rule 11 (impressao -> MOSTRE NUM PONTO .)
    $end            reduce using rule 11 (impressao -> MOSTRE NUM PONTO .)
    FIM             reduce using rule 11 (impressao -> MOSTRE NUM PONTO .)
    SENAO           reduce using rule 11 (impressao -> MOSTRE NUM PONTO .)


state 28

    (12) operacao -> SOME VAR COM . VAR PONTO
    (13) operacao -> SOME VAR COM . NUM PONTO

    VAR             shift and go to state 35
    NUM             shift and go to state 36


state 29

    (14) operacao -> SOME NUM COM . VAR PONTO
    (15) operacao -> SOME NUM COM . NUM PONTO

    VAR             shift and go to state 38
    NUM             shift and go to state 37


state 30

    (19) operacao -> MULTIPLIQUE VAR POR . VAR PONTO
    (20) operacao -> MULTIPLIQUE VAR POR . NUM PONTO

    VAR             shift and go to state 39
    NUM             shift and go to state 40


state 31

    (21) operacao -> MULTIPLIQUE NUM POR . VAR PONTO
    (22) operacao -> MULTIPLIQUE NUM POR . NUM PONTO

    VAR             shift and go to state 42
    NUM             shift and go to state 41


state 32

    (16) repeticao -> REPITA NUM VEZES . DOISPONTOS cmds FIM

    DOISPONTOS      shift and go to state 43


state 33

    (17) condicional -> SE NUM ENTAO . cmds FIM
    (18) condicional -> SE NUM ENTAO . cmds SENAO cmds FIM
    (2) cmds -> . cmd cmds
    (3) cmds -> . cmd
    (4) cmd -> . atribuicao
    (5) cmd -> . impressao
    (6) cmd -> . operacao
    (7) cmd -> . repeticao
    (8) cmd -> . condicional
    (9) atribuicao -> . FACA VAR SER NUM PONTO
    (10) impressao -> . MOSTRE VAR PONTO
    (11) impressao -> . MOSTRE NUM PONTO
    (12) operacao -> . SOME VAR COM VAR PONTO
    (13) operacao -> . SOME VAR COM NUM PONTO
    (14) operacao -> . SOME NUM COM VAR PONTO
    (15) operacao -> . SOME NUM COM NUM PONTO
    (19) operacao -> . MULTIPLIQUE VAR POR VAR PONTO
    (20) operacao -> . MULTIPLIQUE VAR POR NUM PONTO
    (21) operacao -> . MULTIPLIQUE NUM POR VAR PONTO
    (22) operacao -> . MULTIPLIQUE NUM POR NUM PONTO
    (16) repeticao -> . REPITA NUM VEZES DOISPONTOS cmds FIM
    (17) condicional -> . SE NUM ENTAO cmds FIM
    (18) condicional -> . SE NUM ENTAO cmds SENAO cmds FIM

    FACA            shift and go to state 9
    MOSTRE          shift and go to state 10
    SOME            shift and go to state 11
    MULTIPLIQUE     shift and go to state 12
    REPITA          shift and go to state 13
    SE              shift and go to state 14

    cmds                           shift and go to state 44
    cmd                            shift and go to state 3
    atribuicao                     shift and go to state 4
    impressao                      shift and go to state 5
    operacao                       shift and go to state 6
    repeticao                      shift and go to state 7
    condicional                    shift and go to state 8

state 34

    (9) atribuicao -> FACA VAR SER NUM . PONTO

    PONTO           shift and go to state 45


state 35

    (12) operacao -> SOME VAR COM VAR . PONTO

    PONTO           shift and go to state 46


state 36

    (13) operacao -> SOME VAR COM NUM . PONTO

    PONTO           shift and go to state 47


state 37

    (15) operacao -> SOME NUM COM NUM . PONTO

    PONTO           shift and go to state 48


state 38

    (14) operacao -> SOME NUM COM VAR . PONTO

    PONTO           shift and go to state 49


state 39

    (19) operacao -> MULTIPLIQUE VAR POR VAR . PONTO

    PONTO           shift and go to state 50


state 40

    (20) operacao -> MULTIPLIQUE VAR POR NUM . PONTO

    PONTO           shift and go to state 51


state 41

    (22) operacao -> MULTIPLIQUE NUM POR NUM . PONTO

    PONTO           shift and go to state 52


state 42

    (21) operacao -> MULTIPLIQUE NUM POR VAR . PONTO

    PONTO           shift and go to state 53


state 43

    (16) repeticao -> REPITA NUM VEZES DOISPONTOS . cmds FIM
    (2) cmds -> . cmd cmds
    (3) cmds -> . cmd
    (4) cmd -> . atribuicao
    (5) cmd -> . impressao
    (6) cmd -> . operacao
    (7) cmd -> . repeticao
    (8) cmd -> . condicional
    (9) atribuicao -> . FACA VAR SER NUM PONTO
    (10) impressao -> . MOSTRE VAR PONTO
    (11) impressao -> . MOSTRE NUM PONTO
    (12) operacao -> . SOME VAR COM VAR PONTO
    (13) operacao -> . SOME VAR COM NUM PONTO
    (14) operacao -> . SOME NUM COM VAR PONTO
    (15) operacao -> . SOME NUM COM NUM PONTO
    (19) operacao -> . MULTIPLIQUE VAR POR VAR PONTO
    (20) operacao -> . MULTIPLIQUE VAR POR NUM PONTO
    (21) operacao -> . MULTIPLIQUE NUM POR VAR PONTO
    (22) operacao -> . MULTIPLIQUE NUM POR NUM PONTO
    (16) repeticao -> . REPITA NUM VEZES DOISPONTOS cmds FIM
    (17) condicional -> . SE NUM ENTAO cmds FIM
    (18) condicional -> . SE NUM ENTAO cmds SENAO cmds FIM

    FACA            shift and go to state 9
    MOSTRE          shift and go to state 10
    SOME            shift and go to state 11
    MULTIPLIQUE     shift and go to state 12
    REPITA          shift and go to state 13
    SE              shift and go to state 14

    cmds                           shift and go to state 54
    cmd                            shift and go to state 3
    atribuicao                     shift and go to state 4
    impressao                      shift and go to state 5
    operacao                       shift and go to state 6
    repeticao                      shift and go to state 7
    condicional                    shift and go to state 8

state 44

    (17) condicional -> SE NUM ENTAO cmds . FIM
    (18) condicional -> SE NUM ENTAO cmds . SENAO cmds FIM

    FIM             shift and go to state 55
    SENAO           shift and go to state 56


state 45

    (9) atribuicao -> FACA VAR SER NUM PONTO .

    FACA            reduce using rule 9 (atribuicao -> FACA VAR SER NUM PONTO .)
    MOSTRE          reduce using rule 9 (atribuicao -> FACA VAR SER NUM PONTO .)
    SOME            reduce using rule 9 (atribuicao -> FACA VAR SER NUM PONTO .)
    MULTIPLIQUE     reduce using rule 9 (atribuicao -> FACA VAR SER NUM PONTO .)
    REPITA          reduce using rule 9 (atribuicao -> FACA VAR SER NUM PONTO .)
    SE              reduce using rule 9 (atribuicao -> FACA VAR SER NUM PONTO .)
    $end            reduce using rule 9 (atribuicao -> FACA VAR SER NUM PONTO .)
    FIM             reduce using rule 9 (atribuicao -> FACA VAR SER NUM PONTO .)
    SENAO           reduce using rule 9 (atribuicao -> FACA VAR SER NUM PONTO .)


state 46

    (12) operacao -> SOME VAR COM VAR PONTO .

    FACA            reduce using rule 12 (operacao -> SOME VAR COM VAR PONTO .)
    MOSTRE          reduce using rule 12 (operacao -> SOME VAR COM VAR PONTO .)
    SOME            reduce using rule 12 (operacao -> SOME VAR COM VAR PONTO .)
    MULTIPLIQUE     reduce using rule 12 (operacao -> SOME VAR COM VAR PONTO .)
    REPITA          reduce using rule 12 (operacao -> SOME VAR COM VAR PONTO .)
    SE              reduce using rule 12 (operacao -> SOME VAR COM VAR PONTO .)
    $end            reduce using rule 12 (operacao -> SOME VAR COM VAR PONTO .)
    FIM             reduce using rule 12 (operacao -> SOME VAR COM VAR PONTO .)
    SENAO           reduce using rule 12 (operacao -> SOME VAR COM VAR PONTO .)


state 47

    (13) operacao -> SOME VAR COM NUM PONTO .

    FACA            reduce using rule 13 (operacao -> SOME VAR COM NUM PONTO .)
    MOSTRE          reduce using rule 13 (operacao -> SOME VAR COM NUM PONTO .)
    SOME            reduce using rule 13 (operacao -> SOME VAR COM NUM PONTO .)
    MULTIPLIQUE     reduce using rule 13 (operacao -> SOME VAR COM NUM PONTO .)
    REPITA          reduce using rule 13 (operacao -> SOME VAR COM NUM PONTO .)
    SE              reduce using rule 13 (operacao -> SOME VAR COM NUM PONTO .)
    $end            reduce using rule 13 (operacao -> SOME VAR COM NUM PONTO .)
    FIM             reduce using rule 13 (operacao -> SOME VAR COM NUM PONTO .)
    SENAO           reduce using rule 13 (operacao -> SOME VAR COM NUM PONTO .)


state 48

    (15) operacao -> SOME NUM COM NUM PONTO .

    FACA            reduce using rule 15 (operacao -> SOME NUM COM NUM PONTO .)
    MOSTRE          reduce using rule 15 (operacao -> SOME NUM COM NUM PONTO .)
    SOME            reduce using rule 15 (operacao -> SOME NUM COM NUM PONTO .)
    MULTIPLIQUE     reduce using rule 15 (operacao -> SOME NUM COM NUM PONTO .)
    REPITA          reduce using rule 15 (operacao -> SOME NUM COM NUM PONTO .)
    SE              reduce using rule 15 (operacao -> SOME NUM COM NUM PONTO .)
    $end            reduce using rule 15 (operacao -> SOME NUM COM NUM PONTO .)
    FIM             reduce using rule 15 (operacao -> SOME NUM COM NUM PONTO .)
    SENAO           reduce using rule 15 (operacao -> SOME NUM COM NUM PONTO .)


state 49

    (14) operacao -> SOME NUM COM VAR PONTO .

    FACA            reduce using rule 14 (operacao -> SOME NUM COM VAR PONTO .)
    MOSTRE          reduce using rule 14 (operacao -> SOME NUM COM VAR PONTO .)
    SOME            reduce using rule 14 (operacao -> SOME NUM COM VAR PONTO .)
    MULTIPLIQUE     reduce using rule 14 (operacao -> SOME NUM COM VAR PONTO .)
    REPITA          reduce using rule 14 (operacao -> SOME NUM COM VAR PONTO .)
    SE              reduce using rule 14 (operacao -> SOME NUM COM VAR PONTO .)
    $end            reduce using rule 14 (operacao -> SOME NUM COM VAR PONTO .)
    FIM             reduce using rule 14 (operacao -> SOME NUM COM VAR PONTO .)
    SENAO           reduce using rule 14 (operacao -> SOME NUM COM VAR PONTO .)


state 50

    (19) operacao -> MULTIPLIQUE VAR POR VAR PONTO .

    FACA            reduce using rule 19 (operacao -> MULTIPLIQUE VAR POR VAR PONTO .)
    MOSTRE          reduce using rule 19 (operacao -> MULTIPLIQUE VAR POR VAR PONTO .)
    SOME            reduce using rule 19 (operacao -> MULTIPLIQUE VAR POR VAR PONTO .)
    MULTIPLIQUE     reduce using rule 19 (operacao -> MULTIPLIQUE VAR POR VAR PONTO .)
    REPITA          reduce using rule 19 (operacao -> MULTIPLIQUE VAR POR VAR PONTO .)
    SE              reduce using rule 19 (operacao -> MULTIPLIQUE VAR POR VAR PONTO .)
    $end            reduce using rule 19 (operacao -> MULTIPLIQUE VAR POR VAR PONTO .)
    FIM             reduce using rule 19 (operacao -> MULTIPLIQUE VAR POR VAR PONTO .)
    SENAO           reduce using rule 19 (operacao -> MULTIPLIQUE VAR POR VAR PONTO .)


state 51

    (20) operacao -> MULTIPLIQUE VAR POR NUM PONTO .

    FACA            reduce using rule 20 (operacao -> MULTIPLIQUE VAR POR NUM PONTO .)
    MOSTRE          reduce using rule 20 (operacao -> MULTIPLIQUE VAR POR NUM PONTO .)
    SOME            reduce using rule 20 (operacao -> MULTIPLIQUE VAR POR NUM PONTO .)
    MULTIPLIQUE     reduce using rule 20 (operacao -> MULTIPLIQUE VAR POR NUM PONTO .)
    REPITA          reduce using rule 20 (operacao -> MULTIPLIQUE VAR POR NUM PONTO .)
    SE              reduce using rule 20 (operacao -> MULTIPLIQUE VAR POR NUM PONTO .)
    $end            reduce using rule 20 (operacao -> MULTIPLIQUE VAR POR NUM PONTO .)
    FIM             reduce using rule 20 (operacao -> MULTIPLIQUE VAR POR NUM PONTO .)
    SENAO           reduce using rule 20 (operacao -> MULTIPLIQUE VAR POR NUM PONTO .)


state 52

    (22) operacao -> MULTIPLIQUE NUM POR NUM PONTO .

    FACA            reduce using rule 22 (operacao -> MULTIPLIQUE NUM POR NUM PONTO .)
    MOSTRE          reduce using rule 22 (operacao -> MULTIPLIQUE NUM POR NUM PONTO .)
    SOME            reduce using rule 22 (operacao -> MULTIPLIQUE NUM POR NUM PONTO .)
    MULTIPLIQUE     reduce using rule 22 (operacao -> MULTIPLIQUE NUM POR NUM PONTO .)
    REPITA          reduce using rule 22 (operacao -> MULTIPLIQUE NUM POR NUM PONTO .)
    SE              reduce using rule 22 (operacao -> MULTIPLIQUE NUM POR NUM PONTO .)
    $end            reduce using rule 22 (operacao -> MULTIPLIQUE NUM POR NUM PONTO .)
    FIM             reduce using rule 22 (operacao -> MULTIPLIQUE NUM POR NUM PONTO .)
    SENAO           reduce using rule 22 (operacao -> MULTIPLIQUE NUM POR NUM PONTO .)


state 53

    (21) operacao -> MULTIPLIQUE NUM POR VAR PONTO .

    FACA            reduce using rule 21 (operacao -> MULTIPLIQUE NUM POR VAR PONTO .)
    MOSTRE          reduce using rule 21 (operacao -> MULTIPLIQUE NUM POR VAR PONTO .)
    SOME            reduce using rule 21 (operacao -> MULTIPLIQUE NUM POR VAR PONTO .)
    MULTIPLIQUE     reduce using rule 21 (operacao -> MULTIPLIQUE NUM POR VAR PONTO .)
    REPITA          reduce using rule 21 (operacao -> MULTIPLIQUE NUM POR VAR PONTO .)
    SE              reduce using rule 21 (operacao -> MULTIPLIQUE NUM POR VAR PONTO .)
    $end            reduce using rule 21 (operacao -> MULTIPLIQUE NUM POR VAR PONTO .)
    FIM             reduce using rule 21 (operacao -> MULTIPLIQUE NUM POR VAR PONTO .)
    SENAO           reduce using rule 21 (operacao -> MULTIPLIQUE NUM POR VAR PONTO .)


state 54

    (16) repeticao -> REPITA NUM VEZES DOISPONTOS cmds . FIM

    FIM             shift and go to state 57


state 55

    (17) condicional -> SE NUM ENTAO cmds FIM .

    FACA            reduce using rule 17 (condicional -> SE NUM ENTAO cmds FIM .)
    MOSTRE          reduce using rule 17 (condicional -> SE NUM ENTAO cmds FIM .)
    SOME            reduce using rule 17 (condicional -> SE NUM ENTAO cmds FIM .)
    MULTIPLIQUE     reduce using rule 17 (condicional -> SE NUM ENTAO cmds FIM .)
    REPITA          reduce using rule 17 (condicional -> SE NUM ENTAO cmds FIM .)
    SE              reduce using rule 17 (condicional -> SE NUM ENTAO cmds FIM .)
    $end            reduce using rule 17 (condicional -> SE NUM ENTAO cmds FIM .)
    FIM             reduce using rule 17 (condicional -> SE NUM ENTAO cmds FIM .)
    SENAO           reduce using rule 17 (condicional -> SE NUM ENTAO cmds FIM .)


state 56

    (18) condicional -> SE NUM ENTAO cmds SENAO . cmds FIM
    (2) cmds -> . cmd cmds
    (3) cmds -> . cmd
    (4) cmd -> . atribuicao
    (5) cmd -> . impressao
    (6) cmd -> . operacao
    (7) cmd -> . repeticao
    (8) cmd -> . condicional
    (9) atribuicao -> . FACA VAR SER NUM PONTO
    (10) impressao -> . MOSTRE VAR PONTO
    (11) impressao -> . MOSTRE NUM PONTO
    (12) operacao -> . SOME VAR COM VAR PONTO
    (13) operacao -> . SOME VAR COM NUM PONTO
    (14) operacao -> . SOME NUM COM VAR PONTO
    (15) operacao -> . SOME NUM COM NUM PONTO
    (19) operacao -> . MULTIPLIQUE VAR POR VAR PONTO
    (20) operacao -> . MULTIPLIQUE VAR POR NUM PONTO
    (21) operacao -> . MULTIPLIQUE NUM POR VAR PONTO
    (22) operacao -> . MULTIPLIQUE NUM POR NUM PONTO
    (16) repeticao -> . REPITA NUM VEZES DOISPONTOS cmds FIM
    (17) condicional -> . SE NUM ENTAO cmds FIM
    (18) condicional -> . SE NUM ENTAO cmds SENAO cmds FIM

    FACA            shift and go to state 9
    MOSTRE          shift and go to state 10
    SOME            shift and go to state 11
    MULTIPLIQUE     shift and go to state 12
    REPITA          shift and go to state 13
    SE              shift and go to state 14

    cmds                           shift and go to state 58
    cmd                            shift and go to state 3
    atribuicao                     shift and go to state 4
    impressao                      shift and go to state 5
    operacao                       shift and go to state 6
    repeticao                      shift and go to state 7
    condicional                    shift and go to state 8

state 57

    (16) repeticao -> REPITA NUM VEZES DOISPONTOS cmds FIM .

    FACA            reduce using rule 16 (repeticao -> REPITA NUM VEZES DOISPONTOS cmds FIM .)
    MOSTRE          reduce using rule 16 (repeticao -> REPITA NUM VEZES DOISPONTOS cmds FIM .)
    SOME            reduce using rule 16 (repeticao -> REPITA NUM VEZES DOISPONTOS cmds FIM .)
    MULTIPLIQUE     reduce using rule 16 (repeticao -> REPITA NUM VEZES DOISPONTOS cmds FIM .)
    REPITA          reduce using rule 16 (repeticao -> REPITA NUM VEZES DOISPONTOS cmds FIM .)
    SE              reduce using rule 16 (repeticao -> REPITA NUM VEZES DOISPONTOS cmds FIM .)
    $end            reduce using rule 16 (repeticao -> REPITA NUM VEZES DOISPONTOS cmds FIM .)
    FIM             reduce using rule 16 (repeticao -> REPITA NUM VEZES DOISPONTOS cmds FIM .)
    SENAO           reduce using rule 16 (repeticao -> REPITA NUM VEZES DOISPONTOS cmds FIM .)


state 58

    (18) condicional -> SE NUM ENTAO cmds SENAO cmds . FIM

    FIM             shift and go to state 59


state 59

    (18) condicional -> SE NUM ENTAO cmds SENAO cmds FIM .

    FACA            reduce using rule 18 (condicional -> SE NUM ENTAO cmds SENAO cmds FIM .)
    MOSTRE          reduce using rule 18 (condicional -> SE NUM ENTAO cmds SENAO cmds FIM .)
    SOME            reduce using rule 18 (condicional -> SE NUM ENTAO cmds SENAO cmds FIM .)
    MULTIPLIQUE     reduce using rule 18 (condicional -> SE NUM ENTAO cmds SENAO cmds FIM .)
    REPITA          reduce using rule 18 (condicional -> SE NUM ENTAO cmds SENAO cmds FIM .)
    SE              reduce using rule 18 (condicional -> SE NUM ENTAO cmds SENAO cmds FIM .)
    $end            reduce using rule 18 (condicional -> SE NUM ENTAO cmds SENAO cmds FIM .)
    FIM             reduce using rule 18 (condicional -> SE NUM ENTAO cmds SENAO cmds FIM .)
    SENAO           reduce using rule 18 (condicional -> SE NUM ENTAO cmds SENAO cmds FIM .)

